> Task :clean

> Task :compileJava
warning: unknown enum constant When.MAYBE
  reason: class file for javax.annotation.meta.When not found
warning: unknown enum constant When.MAYBE
  reason: class file for javax.annotation.meta.When not found
warning: unknown enum constant When.MAYBE
  reason: class file for javax.annotation.meta.When not found
Note: Some input files use or override a deprecated API.
Note: Recompile with -Xlint:deprecation for details.
3 warnings

> Task :processResources
> Task :classes
> Task :resolveMainClassName
> Task :bootJar
> Task :jar
> Task :assemble
> Task :compileTestJava FAILED
> Task :checkstyleMain

FAILURE: Build failed with an exception.

* What went wrong:
Execution failed for task ':compileTestJava'.
> Could not resolve all files for configuration ':testCompileClasspath'.
   > Could not find org.testcontainers:redis:1.19.3.
     Required by:
         root project :

* Try:
> Run with --stacktrace option to get the stack trace.
> Run with --info or --debug option to get more log output.
> Run with --scan to get full insights.
> Get more help at https://help.gradle.org.

BUILD FAILED in 24s
8 actionable tasks: 8 executed
